OUTPUT: 

 BINARY_OUTPUT: 
                Model  Train Accuracy  Test Accuracy
0  Class 1 vs Class 2           100.0          100.0
1  Class 1 vs Class 3           100.0          100.0
2  Class 2 vs Class 3            50.0           50.0 

 MULTI-CLASS 
   Regularisation Coefficient  Train Accuracy  Test Accuracy
0                        0.00           66.67          66.67
1                        0.01           66.67          66.67
2                        0.10           33.33          33.33
3                        1.00           33.33          33.33
4                       10.00           33.33          33.33
5                      100.00           33.33          33.33OUTPUT: 

 BINARY_OUTPUT: 
                Model  Train Accuracy  Test Accuracy
0  Class 1 vs Class 2           100.0          100.0
1  Class 1 vs Class 3           100.0          100.0
2  Class 2 vs Class 3            50.0           50.0 

 MULTI-CLASS 
   Regularisation Coefficient  Train Accuracy  Test Accuracy
0                        0.00           66.67          66.67
1                        0.01           66.67          66.67
2                        0.10           33.33          33.33
3                        1.00           33.33          33.33
4                       10.00           33.33          33.33
5                      100.00           33.33          33.33OUTPUT: 

 BINARY_OUTPUT: 
                Model  Train Accuracy  Test Accuracy
0  Class 1 vs Class 2           100.0          100.0
1  Class 1 vs Class 3           100.0          100.0
2  Class 2 vs Class 3            50.0           50.0 

 MULTI-CLASS 
   Regularisation Coefficient  Train Accuracy  Test Accuracy
0                        0.00           66.67          66.67
1                        0.01           66.67          66.67
2                        0.10           33.33          33.33
3                        1.00           33.33          33.33
4                       10.00           33.33          33.33
5                      100.00           33.33          33.33OUTPUT: 

 BINARY_OUTPUT: 
                Model  Train Accuracy  Test Accuracy
0  Class 1 vs Class 2           100.0          100.0
1  Class 1 vs Class 3           100.0          100.0
2  Class 2 vs Class 3            50.0           50.0 

 MULTI-CLASS 
   Regularisation Coefficient  Train Accuracy  Test Accuracy
0                        0.00           66.67          66.67
1                        0.01           66.67          66.67
2                        0.10           33.33          33.33
3                        1.00           33.33          33.33
4                       10.00           33.33          33.33
5                      100.00           33.33          33.33OUTPUT: 

 BINARY_OUTPUT: 
                Model  Train Accuracy  Test Accuracy
0  Class 1 vs Class 2           100.0          100.0
1  Class 1 vs Class 3           100.0          100.0
2  Class 2 vs Class 3            50.0           50.0 

 MULTI-CLASS 
   Regularisation Coefficient  Train Accuracy  Test Accuracy
0                        0.00           66.67          66.67
1                        0.01           66.67          66.67
2                        0.10           33.33          33.33
3                        1.00           33.33          33.33
4                       10.00           33.33          33.33
5                      100.00           33.33          33.33OUTPUT: 

 BINARY_OUTPUT: 
                Model  Train Accuracy  Test Accuracy
0  Class 1 vs Class 2           100.0        100.000
1  Class 1 vs Class 3           100.0        100.000
2  Class 2 vs Class 3            50.0         47.368 

 MULTI-CLASS 
   Regularisation Coefficient  Train Accuracy  Test Accuracy
0                        0.00           66.67          65.52
1                        0.01           66.67          65.52
2                        0.10           33.33          31.03
3                        1.00           33.33          31.03
4                       10.00           33.33          31.03
5                      100.00           33.33          31.03OUTPUT: 

 BINARY_OUTPUT: 
                Model  Train Accuracy  Test Accuracy
0  Class 1 vs Class 2           100.0          100.0
1  Class 1 vs Class 3           100.0          100.0
2  Class 2 vs Class 3            50.0           50.0 

 MULTI-CLASS 
   Regularisation Coefficient  Train Accuracy  Test Accuracy
0                        0.00           66.67          66.67
1                        0.01           66.67          66.67
2                        0.10           33.33          33.33
3                        1.00           33.33          33.33
4                       10.00           33.33          33.33
5                      100.00           33.33          33.33OUTPUT: 

 BINARY_OUTPUT: 
                Model  Train Accuracy  Test Accuracy
0  Class 1 vs Class 2           100.0        100.000
1  Class 1 vs Class 3           100.0        100.000
2  Class 2 vs Class 3            50.0         58.824 

 MULTI-CLASS 
   Regularisation Coefficient  Train Accuracy  Test Accuracy
0                        0.00           66.67          70.83
1                        0.01           66.67          70.83
2                        0.10           33.33          41.67
3                        1.00           33.33          41.67
4                       10.00           33.33          41.67
5                      100.00           33.33          41.67OUTPUT: 

 BINARY_OUTPUT: 
                Model  Train Accuracy  Test Accuracy
0  Class 1 vs Class 2           100.0          100.0
1  Class 1 vs Class 3           100.0          100.0
2  Class 2 vs Class 3            50.0           50.0 

 MULTI-CLASS 
   Regularisation Coefficient  Train Accuracy  Test Accuracy
0                        0.00           66.67          66.67
1                        0.01           66.67          66.67
2                        0.10           33.33          33.33
3                        1.00           33.33          33.33
4                       10.00           33.33          33.33
5                      100.00           33.33          33.33OUTPUT: 

 BINARY_OUTPUT: 
                Model  Train Accuracy  Test Accuracy
0  Class 1 vs Class 2           100.0          100.0
1  Class 1 vs Class 3           100.0          100.0
2  Class 2 vs Class 3            50.0           50.0 

 MULTI-CLASS 
   Regularisation Coefficient  Train Accuracy  Test Accuracy
0                        0.00           66.67          66.67
1                        0.01           66.67          66.67
2                        0.10           33.33          33.33
3                        1.00           33.33          33.33
4                       10.00           33.33          33.33
5                      100.00           33.33          33.33OUTPUT: 

 BINARY_OUTPUT: 
                Model  Train Accuracy  Test Accuracy
0  Class 1 vs Class 2           100.0          100.0
1  Class 1 vs Class 3           100.0          100.0
2  Class 2 vs Class 3            50.0           50.0 

 MULTI-CLASS 
   Regularisation Coefficient  Train Accuracy  Test Accuracy
0                        0.00           66.67          66.67
1                        0.01           66.67          66.67
2                        0.10           33.33          33.33
3                        1.00           33.33          33.33
4                       10.00           33.33          33.33
5                      100.00           33.33          33.33